Using pre-set license
Built from '2020.3/staging' branch; Version is '2020.3.16f1 (049d6eca3c44) revision 302446'; Using compiler version '192528614'; Build Type 'Release'
OS: 'Windows 10 Home; OS build 19042.1237; Version 2009; 64bit' Language: 'en' Physical Memory: 8073 MB
BatchMode: 1, IsHumanControllingUs: 0, StartBugReporterOnCrash: 0, Is64bit: 1, IsPro: 0

 COMMAND LINE ARGUMENTS:
C:\Program Files\Unity\Hub\Editor\2020.2.3f1\Editor\Unity.exe
-adb2
-batchMode
-noUpm
-name
AssetImportWorker0
-projectPath
C:/Users/Richard Bacallao/OneDrive/Desktop/Bacallao_Richard_DIG3480TUT1.5
-logFile
Logs/AssetImportWorker0.log
-srvPort
49290
Successfully changed project path to: C:/Users/Richard Bacallao/OneDrive/Desktop/Bacallao_Richard_DIG3480TUT1.5
C:/Users/Richard Bacallao/OneDrive/Desktop/Bacallao_Richard_DIG3480TUT1.5
Using Asset Import Pipeline V2.
Refreshing native plugins compatible for Editor in 38.60 ms, found 3 plugins.
Preloading 0 native plugins for Editor in 0.00 ms.
Initialize engine version: 2020.3.16f1 (049d6eca3c44)
[Subsystems] Discovering subsystems at path C:/Program Files/Unity/Hub/Editor/2020.2.3f1/Editor/Data/Resources/UnitySubsystems
[Subsystems] Discovering subsystems at path C:/Users/Richard Bacallao/OneDrive/Desktop/Bacallao_Richard_DIG3480TUT1.5/Assets
GfxDevice: creating device client; threaded=0
Direct3D:
    Version:  Direct3D 11.0 [level 11.1]
    Renderer: NVIDIA GeForce GTX 1660 SUPER (ID=0x21c4)
    Vendor:   
    VRAM:     5991 MB
    Driver:   27.21.14.6140
Initialize mono
Mono path[0] = 'C:/Program Files/Unity/Hub/Editor/2020.2.3f1/Editor/Data/Managed'
Mono path[1] = 'C:/Program Files/Unity/Hub/Editor/2020.2.3f1/Editor/Data/MonoBleedingEdge/lib/mono/unityjit'
Mono config path = 'C:/Program Files/Unity/Hub/Editor/2020.2.3f1/Editor/Data/MonoBleedingEdge/etc'
Using monoOptions --debugger-agent=transport=dt_socket,embedding=1,server=y,suspend=n,address=127.0.0.1:56612
Begin MonoManager ReloadAssembly
Registering precompiled unity dll's ...
Register platform support module: C:/Program Files/Unity/Hub/Editor/2020.2.3f1/Editor/Data/PlaybackEngines/WindowsStandaloneSupport/UnityEditor.WindowsStandalone.Extensions.dll
Registered in 0.001953 seconds.
Native extension for WindowsStandalone target not found
Refreshing native plugins compatible for Editor in 36.84 ms, found 3 plugins.
Preloading 0 native plugins for Editor in 0.00 ms.
Mono: successfully reloaded assembly
- Completed reload, in  0.990 seconds
Domain Reload Profiling:
	ReloadAssembly (990ms)
		BeginReloadAssembly (45ms)
			ExecutionOrderSort (0ms)
			DisableScriptedObjects (0ms)
			BackupInstance (0ms)
			ReleaseScriptingObjects (0ms)
			CreateAndSetChildDomain (1ms)
		EndReloadAssembly (345ms)
			LoadAssemblies (43ms)
			RebuildTransferFunctionScriptingTraits (0ms)
			SetupTypeCache (123ms)
			ReleaseScriptCaches (0ms)
			RebuildScriptCaches (27ms)
			SetupLoadedEditorAssemblies (137ms)
				LogAssemblyErrors (0ms)
				InitializePlatformSupportModulesInManaged (3ms)
				SetLoadedEditorAssemblies (0ms)
				RefreshPlugins (37ms)
				BeforeProcessingInitializeOnLoad (11ms)
				ProcessInitializeOnLoadAttributes (64ms)
				ProcessInitializeOnLoadMethodAttributes (22ms)
				AfterProcessingInitializeOnLoad (0ms)
				EditorAssembliesLoaded (0ms)
			ExecutionOrderSort2 (0ms)
			AwakeInstancesAfterBackupRestoration (0ms)
Platform modules already initialized, skipping
Registering precompiled user dll's ...
Registered in 0.004610 seconds.
Begin MonoManager ReloadAssembly
Native extension for WindowsStandalone target not found
Refreshing native plugins compatible for Editor in 36.43 ms, found 3 plugins.
Preloading 0 native plugins for Editor in 0.00 ms.
Mono: successfully reloaded assembly
- Completed reload, in  1.003 seconds
Domain Reload Profiling:
	ReloadAssembly (1004ms)
		BeginReloadAssembly (125ms)
			ExecutionOrderSort (0ms)
			DisableScriptedObjects (4ms)
			BackupInstance (0ms)
			ReleaseScriptingObjects (0ms)
			CreateAndSetChildDomain (17ms)
		EndReloadAssembly (819ms)
			LoadAssemblies (79ms)
			RebuildTransferFunctionScriptingTraits (0ms)
			SetupTypeCache (244ms)
			ReleaseScriptCaches (0ms)
			RebuildScriptCaches (40ms)
			SetupLoadedEditorAssemblies (353ms)
				LogAssemblyErrors (0ms)
				InitializePlatformSupportModulesInManaged (3ms)
				SetLoadedEditorAssemblies (0ms)
				RefreshPlugins (36ms)
				BeforeProcessingInitializeOnLoad (69ms)
				ProcessInitializeOnLoadAttributes (227ms)
				ProcessInitializeOnLoadMethodAttributes (10ms)
				AfterProcessingInitializeOnLoad (6ms)
				EditorAssembliesLoaded (0ms)
			ExecutionOrderSort2 (0ms)
			AwakeInstancesAfterBackupRestoration (5ms)
Platform modules already initialized, skipping
========================================================================
Worker process is ready to serve import requests
Launched and connected shader compiler UnityShaderCompiler.exe after 0.05 seconds
Refreshing native plugins compatible for Editor in 0.48 ms, found 3 plugins.
Preloading 0 native plugins for Editor in 0.00 ms.
Unloading 2092 Unused Serialized files (Serialized files now loaded: 0)
System memory in use before: 93.1 MB.
System memory in use after: 93.1 MB.

Unloading 28 unused Assets to reduce memory usage. Loaded Objects now: 2529.
Total: 3.588000 ms (FindLiveObjects: 0.326700 ms CreateObjectMapping: 0.052500 ms MarkObjects: 3.140600 ms  DeleteObjects: 0.066700 ms)

AssetImportParameters requested are different than current active one (requested -> active):
  custom:framework-win-MediaFoundation: 216162199b28c13a410421893ffa2e32 -> 
  custom:video-decoder-ogg-theora: a1e56fd34408186e4bbccfd4996cb3dc -> 
  custom:container-muxer-webm: aa71ff27fc2769a1b78a27578f13a17b -> 
  custom:container-demuxer-webm: 4f35f7cbe854078d1ac9338744f61a02 -> 
  custom:container-demuxer-ogg: 62fdf1f143b41e24485cea50d1cbac27 -> 
  custom:video-encoder-webm-vp8: eb34c28f22e8b96e1ab97ce403110664 -> 
  custom:video-decoder-webm-vp8: 9c59270c3fd7afecdb556c50c9e8de78 -> 
  custom:audio-decoder-ogg-vorbis: bf7c407c2cedff20999df2af8eb42d56 -> 
  custom:audio-encoder-webm-vorbis: bf7c407c2cedff20999df2af8eb42d56 -> 
========================================================================
Received Import Request.
  path: Assets/New Folder
  artifactKey: Guid(d6159ce23284f6744b06dd4e3fbc09ae) Importer(815301076,1909f56bfc062723c751e8b465ee728b)
Start importing Assets/New Folder using Guid(d6159ce23284f6744b06dd4e3fbc09ae) Importer(815301076,1909f56bfc062723c751e8b465ee728b)  -> (artifact id: '331f272ee108d05fc4ee6bd8344d3f69') in 0.011466 seconds 
  Import took 0.016248 seconds .

========================================================================
Received Import Request.
  Time since last request: 17.528027 seconds.
  path: Assets/Scenes
  artifactKey: Guid(9718f1698ca53b14684e65fd60b639cc) Importer(815301076,1909f56bfc062723c751e8b465ee728b)
Start importing Assets/Scenes using Guid(9718f1698ca53b14684e65fd60b639cc) Importer(815301076,1909f56bfc062723c751e8b465ee728b)  -> (artifact id: '85d6dbcf0052de802d575342d6e2c718') in 0.007527 seconds 
  Import took 0.012615 seconds .

========================================================================
Received Import Request.
  Time since last request: 17.887007 seconds.
  path: Assets/New Folder 1
  artifactKey: Guid(91ebd443b49ee9045b25fb0adbc581f8) Importer(815301076,1909f56bfc062723c751e8b465ee728b)
Start importing Assets/New Folder 1 using Guid(91ebd443b49ee9045b25fb0adbc581f8) Importer(815301076,1909f56bfc062723c751e8b465ee728b)  -> (artifact id: 'ff71af8b2623f2acb96d72afa0638f96') in 0.007388 seconds 
  Import took 0.012330 seconds .

========================================================================
Received Import Request.
  Time since last request: 10.490762 seconds.
  path: Assets/Sounds
  artifactKey: Guid(d6159ce23284f6744b06dd4e3fbc09ae) Importer(815301076,1909f56bfc062723c751e8b465ee728b)
Start importing Assets/Sounds using Guid(d6159ce23284f6744b06dd4e3fbc09ae) Importer(815301076,1909f56bfc062723c751e8b465ee728b)  -> (artifact id: '98ae924dbbabac0d5dfc55e2057c6037') in 0.007209 seconds 
  Import took 0.012085 seconds .

========================================================================
Received Import Request.
  Time since last request: 8.087521 seconds.
  path: Assets/Scripts
  artifactKey: Guid(91ebd443b49ee9045b25fb0adbc581f8) Importer(815301076,1909f56bfc062723c751e8b465ee728b)
Start importing Assets/Scripts using Guid(91ebd443b49ee9045b25fb0adbc581f8) Importer(815301076,1909f56bfc062723c751e8b465ee728b)  -> (artifact id: 'a23ac205980477569b105863acd3872b') in 0.006371 seconds 
  Import took 0.010545 seconds .

========================================================================
Received Import Request.
  Time since last request: 13.135976 seconds.
  path: Assets/New Folder 1/New Lighting Settings.lighting
  artifactKey: Guid(befe65a0bc8edaf46becd16b77145423) Importer(815301076,1909f56bfc062723c751e8b465ee728b)
Start importing Assets/New Folder 1/New Lighting Settings.lighting using Guid(befe65a0bc8edaf46becd16b77145423) Importer(815301076,1909f56bfc062723c751e8b465ee728b)  -> (artifact id: '8d9de9460a3f2fd245b6115224aab5d7') in 0.028586 seconds 
  Import took 0.032338 seconds .

========================================================================
Received Import Request.
  Time since last request: 29.479951 seconds.
  path: Assets/Scripts/New Folder
  artifactKey: Guid(cc8ebd05e7c450e438e291d0552ba899) Importer(815301076,1909f56bfc062723c751e8b465ee728b)
Start importing Assets/Scripts/New Folder using Guid(cc8ebd05e7c450e438e291d0552ba899) Importer(815301076,1909f56bfc062723c751e8b465ee728b)  -> (artifact id: 'bc6615999e96c88df7510760eda58655') in 0.002640 seconds 
  Import took 0.006912 seconds .

========================================================================
Received Import Request.
  Time since last request: 15.473346 seconds.
  path: Assets/Animations
  artifactKey: Guid(cc8ebd05e7c450e438e291d0552ba899) Importer(815301076,1909f56bfc062723c751e8b465ee728b)
Start importing Assets/Animations using Guid(cc8ebd05e7c450e438e291d0552ba899) Importer(815301076,1909f56bfc062723c751e8b465ee728b)  -> (artifact id: '0375a4da6850c8a30d3bd0026604db84') in 0.008186 seconds 
  Import took 0.011978 seconds .

========================================================================
Received Import Request.
  Time since last request: 11.789942 seconds.
  path: Assets/Animations/Sprites
  artifactKey: Guid(f15676bef610e6643a896e1e1191aa9e) Importer(815301076,1909f56bfc062723c751e8b465ee728b)
Start importing Assets/Animations/Sprites using Guid(f15676bef610e6643a896e1e1191aa9e) Importer(815301076,1909f56bfc062723c751e8b465ee728b)  -> (artifact id: '2d3406b0e4ed78e203b1c2413e007fc6') in 0.006804 seconds 
  Import took 0.010987 seconds .

========================================================================
Received Prepare
Registering precompiled user dll's ...
Registered in 0.004436 seconds.
Begin MonoManager ReloadAssembly
Native extension for WindowsStandalone target not found
Refreshing native plugins compatible for Editor in 0.52 ms, found 3 plugins.
Preloading 0 native plugins for Editor in 0.00 ms.
Mono: successfully reloaded assembly
- Completed reload, in  0.887 seconds
Domain Reload Profiling:
	ReloadAssembly (887ms)
		BeginReloadAssembly (100ms)
			ExecutionOrderSort (0ms)
			DisableScriptedObjects (5ms)
			BackupInstance (0ms)
			ReleaseScriptingObjects (0ms)
			CreateAndSetChildDomain (33ms)
		EndReloadAssembly (731ms)
			LoadAssemblies (77ms)
			RebuildTransferFunctionScriptingTraits (0ms)
			SetupTypeCache (233ms)
			ReleaseScriptCaches (1ms)
			RebuildScriptCaches (37ms)
			SetupLoadedEditorAssemblies (298ms)
				LogAssemblyErrors (0ms)
				InitializePlatformSupportModulesInManaged (4ms)
				SetLoadedEditorAssemblies (0ms)
				RefreshPlugins (1ms)
				BeforeProcessingInitializeOnLoad (79ms)
				ProcessInitializeOnLoadAttributes (202ms)
				ProcessInitializeOnLoadMethodAttributes (5ms)
				AfterProcessingInitializeOnLoad (7ms)
				EditorAssembliesLoaded (0ms)
			ExecutionOrderSort2 (0ms)
			AwakeInstancesAfterBackupRestoration (8ms)
Platform modules already initialized, skipping
Refreshing native plugins compatible for Editor in 0.47 ms, found 3 plugins.
Preloading 0 native plugins for Editor in 0.00 ms.
Unloading 2082 Unused Serialized files (Serialized files now loaded: 0)
System memory in use before: 92.5 MB.
System memory in use after: 92.6 MB.

Unloading 16 unused Assets to reduce memory usage. Loaded Objects now: 2532.
Total: 2.882100 ms (FindLiveObjects: 0.187300 ms CreateObjectMapping: 0.047800 ms MarkObjects: 2.631100 ms  DeleteObjects: 0.015000 ms)

AssetImportParameters requested are different than current active one (requested -> active):
  custom:framework-win-MediaFoundation: 216162199b28c13a410421893ffa2e32 -> 
  custom:video-decoder-ogg-theora: a1e56fd34408186e4bbccfd4996cb3dc -> 
  custom:container-muxer-webm: aa71ff27fc2769a1b78a27578f13a17b -> 
  custom:container-demuxer-webm: 4f35f7cbe854078d1ac9338744f61a02 -> 
  custom:container-demuxer-ogg: 62fdf1f143b41e24485cea50d1cbac27 -> 
  custom:video-encoder-webm-vp8: eb34c28f22e8b96e1ab97ce403110664 -> 
  custom:video-decoder-webm-vp8: 9c59270c3fd7afecdb556c50c9e8de78 -> 
  custom:audio-decoder-ogg-vorbis: bf7c407c2cedff20999df2af8eb42d56 -> 
  custom:audio-encoder-webm-vorbis: bf7c407c2cedff20999df2af8eb42d56 -> 
========================================================================
Received Import Request.
  Time since last request: 3376.667649 seconds.
  path: Assets/Scripts/SoundScript.cs
  artifactKey: Guid(721e05b5756df994190d61b10de78cd3) Importer(815301076,1909f56bfc062723c751e8b465ee728b)
Start importing Assets/Scripts/SoundScript.cs using Guid(721e05b5756df994190d61b10de78cd3) Importer(815301076,1909f56bfc062723c751e8b465ee728b)  -> (artifact id: '504810c5f9cb97ff411d7d5920d2f1f2') in 0.015331 seconds 
  Import took 0.020827 seconds .

========================================================================
Received Import Request.
  Time since last request: 0.018482 seconds.
  path: Assets/Scripts/SoundScript.cs
  artifactKey: Guid(721e05b5756df994190d61b10de78cd3) Importer(815301076,1909f56bfc062723c751e8b465ee728b)
Start importing Assets/Scripts/SoundScript.cs using Guid(721e05b5756df994190d61b10de78cd3) Importer(815301076,1909f56bfc062723c751e8b465ee728b)  -> (artifact id: '504810c5f9cb97ff411d7d5920d2f1f2') in 0.002757 seconds 
  Import took 0.007602 seconds .

========================================================================
Received Import Request.
  Time since last request: 202.433332 seconds.
  path: Assets/Sprites/Dead (1).png
  artifactKey: Guid(e8b5fb4a003df0c4191c829338609e86) Importer(815301076,1909f56bfc062723c751e8b465ee728b)
Start importing Assets/Sprites/Dead (1).png using Guid(e8b5fb4a003df0c4191c829338609e86) Importer(815301076,1909f56bfc062723c751e8b465ee728b)  -> (artifact id: '4d7e862f0478a85ab58bb5b479e7962b') in 0.102896 seconds 
  Import took 0.106865 seconds .

========================================================================
Received Import Request.
  Time since last request: 0.000171 seconds.
  path: Assets/Sprites/Slide (1).png
  artifactKey: Guid(a6c095a57258854489b36874e51423d7) Importer(815301076,1909f56bfc062723c751e8b465ee728b)
Start importing Assets/Sprites/Slide (1).png using Guid(a6c095a57258854489b36874e51423d7) Importer(815301076,1909f56bfc062723c751e8b465ee728b)  -> (artifact id: '66f5af5ea681039e9f2968c93cbb2177') in 0.012215 seconds 
  Import took 0.016351 seconds .

========================================================================
Received Import Request.
  Time since last request: 0.000195 seconds.
  path: Assets/Sprites/Jump (8).png
  artifactKey: Guid(ac06047297a3f6e478ab5c119d85167e) Importer(815301076,1909f56bfc062723c751e8b465ee728b)
Start importing Assets/Sprites/Jump (8).png using Guid(ac06047297a3f6e478ab5c119d85167e) Importer(815301076,1909f56bfc062723c751e8b465ee728b)  -> (artifact id: '4e77c4512a12656ad32f2bccdcda8c24') in 0.012931 seconds 
  Import took 0.017264 seconds .

========================================================================
Received Import Request.
  Time since last request: 0.000180 seconds.
  path: Assets/Sprites/Fall (1).png
  artifactKey: Guid(504eccdafd77d2e47914d8001209d805) Importer(815301076,1909f56bfc062723c751e8b465ee728b)
Start importing Assets/Sprites/Fall (1).png using Guid(504eccdafd77d2e47914d8001209d805) Importer(815301076,1909f56bfc062723c751e8b465ee728b)  -> (artifact id: '318326688a65768a4860d52b6606c0b1') in 0.013892 seconds 
  Import took 0.018500 seconds .

========================================================================
Received Import Request.
  Time since last request: 0.000252 seconds.
  path: Assets/Sprites/Jump (7).png
  artifactKey: Guid(a61be41d3d1584f4ebc258554c17e036) Importer(815301076,1909f56bfc062723c751e8b465ee728b)
Start importing Assets/Sprites/Jump (7).png using Guid(a61be41d3d1584f4ebc258554c17e036) Importer(815301076,1909f56bfc062723c751e8b465ee728b)  -> (artifact id: 'f0e266cc3189ea296ee128b3c7515a0d') in 0.015363 seconds 
  Import took 0.018659 seconds .

========================================================================
Received Import Request.
  Time since last request: 0.000168 seconds.
  path: Assets/Sprites/Run (7).png
  artifactKey: Guid(703e2cc1ca7c5dd46914c8d15e2f0f0f) Importer(815301076,1909f56bfc062723c751e8b465ee728b)
Start importing Assets/Sprites/Run (7).png using Guid(703e2cc1ca7c5dd46914c8d15e2f0f0f) Importer(815301076,1909f56bfc062723c751e8b465ee728b)  -> (artifact id: '3e5a939948acbd2029b3cbee6b83f941') in 0.014909 seconds 
  Import took 0.018167 seconds .

========================================================================
Received Import Request.
  Time since last request: 0.000212 seconds.
  path: Assets/Sprites/Slide (7).png
  artifactKey: Guid(2ea6b445b45e9c240b4b9dca8013a87a) Importer(815301076,1909f56bfc062723c751e8b465ee728b)
Start importing Assets/Sprites/Slide (7).png using Guid(2ea6b445b45e9c240b4b9dca8013a87a) Importer(815301076,1909f56bfc062723c751e8b465ee728b)  -> (artifact id: 'ab480700ffb382c308983d85247140e5') in 0.013650 seconds 
  Import took 0.017753 seconds .

========================================================================
Received Import Request.
  Time since last request: 0.000211 seconds.
  path: Assets/Sprites/Hurt (7).png
  artifactKey: Guid(063a7b6b33264a1449e45338799cb630) Importer(815301076,1909f56bfc062723c751e8b465ee728b)
Start importing Assets/Sprites/Hurt (7).png using Guid(063a7b6b33264a1449e45338799cb630) Importer(815301076,1909f56bfc062723c751e8b465ee728b)  -> (artifact id: 'ab4e015164717d2812b901471697a5c1') in 0.012805 seconds 
  Import took 0.016090 seconds .

========================================================================
Received Import Request.
  Time since last request: 0.000174 seconds.
  path: Assets/Sprites/Hurt (2).png
  artifactKey: Guid(ce52aede117d2dc49ba12bb305b84af6) Importer(815301076,1909f56bfc062723c751e8b465ee728b)
Start importing Assets/Sprites/Hurt (2).png using Guid(ce52aede117d2dc49ba12bb305b84af6) Importer(815301076,1909f56bfc062723c751e8b465ee728b)  -> (artifact id: '2873186c7c455e84edfe6b795ad142a5') in 0.014649 seconds 
  Import took 0.018171 seconds .

========================================================================
Received Import Request.
  Time since last request: 0.000178 seconds.
  path: Assets/Sprites/Hurt (8).png
  artifactKey: Guid(59d2566e5a104c8469002fa3759bfed3) Importer(815301076,1909f56bfc062723c751e8b465ee728b)
Start importing Assets/Sprites/Hurt (8).png using Guid(59d2566e5a104c8469002fa3759bfed3) Importer(815301076,1909f56bfc062723c751e8b465ee728b)  -> (artifact id: '6143063e488d9550651ac8264fcb8b7b') in 0.013295 seconds 
  Import took 0.016544 seconds .

========================================================================
Received Import Request.
  Time since last request: 0.000165 seconds.
  path: Assets/Sprites/Jump (2).png
  artifactKey: Guid(de5eaebeac6d7b048ae0e5ff0ca31f4c) Importer(815301076,1909f56bfc062723c751e8b465ee728b)
Start importing Assets/Sprites/Jump (2).png using Guid(de5eaebeac6d7b048ae0e5ff0ca31f4c) Importer(815301076,1909f56bfc062723c751e8b465ee728b)  -> (artifact id: '34ff95a252edababf7d5e6178cd1a7ad') in 0.013562 seconds 
  Import took 0.016775 seconds .

========================================================================
Received Import Request.
  Time since last request: 0.000196 seconds.
  path: Assets/Sprites/Slide (4).png
  artifactKey: Guid(4c6af25c74b6742498d9467c799c4bba) Importer(815301076,1909f56bfc062723c751e8b465ee728b)
Start importing Assets/Sprites/Slide (4).png using Guid(4c6af25c74b6742498d9467c799c4bba) Importer(815301076,1909f56bfc062723c751e8b465ee728b)  -> (artifact id: '333202c5d5bc6e14b60e61347b8afc14') in 0.013976 seconds 
  Import took 0.017895 seconds .

========================================================================
Received Import Request.
  Time since last request: 0.000167 seconds.
  path: Assets/Sprites/Walk (8).png
  artifactKey: Guid(05cd868d7d8055245b3e5f231f6877c8) Importer(815301076,1909f56bfc062723c751e8b465ee728b)
Start importing Assets/Sprites/Walk (8).png using Guid(05cd868d7d8055245b3e5f231f6877c8) Importer(815301076,1909f56bfc062723c751e8b465ee728b)  -> (artifact id: '4ed19cb00664ba9fa1521345501c5f49') in 0.012298 seconds 
  Import took 0.015989 seconds .

========================================================================
Received Import Request.
  Time since last request: 0.000185 seconds.
  path: Assets/Sprites/Run (2).png
  artifactKey: Guid(e020e455298ac0747b3d268ac1ac109c) Importer(815301076,1909f56bfc062723c751e8b465ee728b)
Start importing Assets/Sprites/Run (2).png using Guid(e020e455298ac0747b3d268ac1ac109c) Importer(815301076,1909f56bfc062723c751e8b465ee728b)  -> (artifact id: '1106cd01729d161621cf1aa89f2edc20') in 0.012814 seconds 
  Import took 0.016374 seconds .

========================================================================
Received Import Request.
  Time since last request: 0.000182 seconds.
  path: Assets/Sprites/Hurt (9).png
  artifactKey: Guid(60e8db7b23e410f48b2f7549945de38a) Importer(815301076,1909f56bfc062723c751e8b465ee728b)
Start importing Assets/Sprites/Hurt (9).png using Guid(60e8db7b23e410f48b2f7549945de38a) Importer(815301076,1909f56bfc062723c751e8b465ee728b)  -> (artifact id: '2757e81191f48833debd00bfc4f4af03') in 0.011855 seconds 
  Import took 0.014920 seconds .

========================================================================
Received Import Request.
  Time since last request: 0.000159 seconds.
  path: Assets/Sprites/Slide (10).png
  artifactKey: Guid(9d544c56da59ec94f9d65bd9073600f9) Importer(815301076,1909f56bfc062723c751e8b465ee728b)
Start importing Assets/Sprites/Slide (10).png using Guid(9d544c56da59ec94f9d65bd9073600f9) Importer(815301076,1909f56bfc062723c751e8b465ee728b)  -> (artifact id: 'ef5af67ddf42de393b1edf2ecac7a479') in 0.012689 seconds 
  Import took 0.015435 seconds .

========================================================================
Received Import Request.
  Time since last request: 0.000203 seconds.
  path: Assets/Sprites/Walk (4).png
  artifactKey: Guid(43f609a5d7f2a114fbf20876ee7d5667) Importer(815301076,1909f56bfc062723c751e8b465ee728b)
Start importing Assets/Sprites/Walk (4).png using Guid(43f609a5d7f2a114fbf20876ee7d5667) Importer(815301076,1909f56bfc062723c751e8b465ee728b)  -> (artifact id: '97b0bc7255bf607f63815b1334652fa5') in 0.011741 seconds 
  Import took 0.015017 seconds .

========================================================================
Received Import Request.
  Time since last request: 0.000171 seconds.
  path: Assets/Sprites/Walk (6).png
  artifactKey: Guid(393cccc2ad87fb44eae43d4e25f2e1f7) Importer(815301076,1909f56bfc062723c751e8b465ee728b)
Start importing Assets/Sprites/Walk (6).png using Guid(393cccc2ad87fb44eae43d4e25f2e1f7) Importer(815301076,1909f56bfc062723c751e8b465ee728b)  -> (artifact id: '8335fecd087905aeb680baa31db23603') in 0.011491 seconds 
  Import took 0.014309 seconds .

========================================================================
Received Import Request.
  Time since last request: 0.000181 seconds.
  path: Assets/Sprites/Slide (6).png
  artifactKey: Guid(d9aaf0562d8ec394d9bde313f24e52a7) Importer(815301076,1909f56bfc062723c751e8b465ee728b)
Start importing Assets/Sprites/Slide (6).png using Guid(d9aaf0562d8ec394d9bde313f24e52a7) Importer(815301076,1909f56bfc062723c751e8b465ee728b)  -> (artifact id: '3bc73508af25bf44965a3f78c8576db7') in 0.012821 seconds 
  Import took 0.016416 seconds .

========================================================================
Received Import Request.
  Time since last request: 0.000226 seconds.
  path: Assets/Sprites/Dead (4).png
  artifactKey: Guid(e6fb42090aa3f5f48835e37b63340958) Importer(815301076,1909f56bfc062723c751e8b465ee728b)
Start importing Assets/Sprites/Dead (4).png using Guid(e6fb42090aa3f5f48835e37b63340958) Importer(815301076,1909f56bfc062723c751e8b465ee728b)  -> (artifact id: '0a6d911821c244ec751308ea1eb51fdc') in 0.014730 seconds 
  Import took 0.019017 seconds .

========================================================================
Received Import Request.
  Time since last request: 0.000180 seconds.
  path: Assets/Sprites/Dead (5).png
  artifactKey: Guid(72a7aec71ac198c4688de99fa9c0a5e0) Importer(815301076,1909f56bfc062723c751e8b465ee728b)
Start importing Assets/Sprites/Dead (5).png using Guid(72a7aec71ac198c4688de99fa9c0a5e0) Importer(815301076,1909f56bfc062723c751e8b465ee728b)  -> (artifact id: '53aca8e7ae69a97a25041220b9db69e4') in 0.014049 seconds 
  Import took 0.017569 seconds .

========================================================================
Received Import Request.
  Time since last request: 0.000155 seconds.
  path: Assets/Sprites/Fall (6).png
  artifactKey: Guid(a99251ec54c84cc43b063b02ce177104) Importer(815301076,1909f56bfc062723c751e8b465ee728b)
Start importing Assets/Sprites/Fall (6).png using Guid(a99251ec54c84cc43b063b02ce177104) Importer(815301076,1909f56bfc062723c751e8b465ee728b)  -> (artifact id: '830ef64d865dfc8aa3f2ca9c1836193f') in 0.012867 seconds 
  Import took 0.016289 seconds .

========================================================================
Received Import Request.
  Time since last request: 0.000189 seconds.
  path: Assets/Sprites/Jump (6).png
  artifactKey: Guid(5064ffdfca20a98468c5546f89d26c5c) Importer(815301076,1909f56bfc062723c751e8b465ee728b)
Start importing Assets/Sprites/Jump (6).png using Guid(5064ffdfca20a98468c5546f89d26c5c) Importer(815301076,1909f56bfc062723c751e8b465ee728b)  -> (artifact id: 'fc81949932cb37ede86fc950f8d17349') in 0.012559 seconds 
  Import took 0.015787 seconds .

========================================================================
Received Import Request.
  Time since last request: 0.000182 seconds.
  path: Assets/Sprites/Run (5).png
  artifactKey: Guid(135a2e20a5905284082439c20f57176f) Importer(815301076,1909f56bfc062723c751e8b465ee728b)
Start importing Assets/Sprites/Run (5).png using Guid(135a2e20a5905284082439c20f57176f) Importer(815301076,1909f56bfc062723c751e8b465ee728b)  -> (artifact id: '5b5a63e1cee46b4ff6d6337fdde8a899') in 0.011871 seconds 
  Import took 0.015251 seconds .

========================================================================
Received Import Request.
  Time since last request: 0.000190 seconds.
  path: Assets/Sprites/Run (1).png
  artifactKey: Guid(d2d919e474565634496b87056a8e23cc) Importer(815301076,1909f56bfc062723c751e8b465ee728b)
Start importing Assets/Sprites/Run (1).png using Guid(d2d919e474565634496b87056a8e23cc) Importer(815301076,1909f56bfc062723c751e8b465ee728b)  -> (artifact id: 'e1060aba7631a68e835541eeb11d4a45') in 0.011696 seconds 
  Import took 0.014812 seconds .

========================================================================
Received Import Request.
  Time since last request: 0.000160 seconds.
  path: Assets/Sprites/Walk (5).png
  artifactKey: Guid(bf46e0981645c344b8e8b842156f7f79) Importer(815301076,1909f56bfc062723c751e8b465ee728b)
Start importing Assets/Sprites/Walk (5).png using Guid(bf46e0981645c344b8e8b842156f7f79) Importer(815301076,1909f56bfc062723c751e8b465ee728b)  -> (artifact id: '6650d98f698be82cfc29c97e22d28d9b') in 0.011580 seconds 
  Import took 0.015043 seconds .

========================================================================
Received Import Request.
  Time since last request: 0.000180 seconds.
  path: Assets/Sprites/Slide (5).png
  artifactKey: Guid(c3a40da68d06f444db4bb530afd3e3ef) Importer(815301076,1909f56bfc062723c751e8b465ee728b)
Start importing Assets/Sprites/Slide (5).png using Guid(c3a40da68d06f444db4bb530afd3e3ef) Importer(815301076,1909f56bfc062723c751e8b465ee728b)  -> (artifact id: 'd3e93b5b8db4fa137dd280c1678c0bf2') in 0.011980 seconds 
  Import took 0.015124 seconds .

========================================================================
Received Import Request.
  Time since last request: 0.000182 seconds.
  path: Assets/Sprites/Idle (7).png
  artifactKey: Guid(bd8516f1e07877c4786a8e99e1b44127) Importer(815301076,1909f56bfc062723c751e8b465ee728b)
Start importing Assets/Sprites/Idle (7).png using Guid(bd8516f1e07877c4786a8e99e1b44127) Importer(815301076,1909f56bfc062723c751e8b465ee728b)  -> (artifact id: '48d157584f56fc54c55d9a48be2a0fbf') in 0.012822 seconds 
  Import took 0.016297 seconds .

========================================================================
Received Import Request.
  Time since last request: 0.000186 seconds.
  path: Assets/Sprites/Walk (10).png
  artifactKey: Guid(46ec56c1b76f2ae42b594e59cb482fcc) Importer(815301076,1909f56bfc062723c751e8b465ee728b)
Start importing Assets/Sprites/Walk (10).png using Guid(46ec56c1b76f2ae42b594e59cb482fcc) Importer(815301076,1909f56bfc062723c751e8b465ee728b)  -> (artifact id: 'a3ca9c2a9bea6ebdf15acb86fcd603e2') in 0.016738 seconds 
  Import took 0.020125 seconds .

========================================================================
Received Import Request.
  Time since last request: 0.000224 seconds.
  path: Assets/Sprites/Hurt (10).png
  artifactKey: Guid(75162d70e27cfeb438cf856aef8aab29) Importer(815301076,1909f56bfc062723c751e8b465ee728b)
Start importing Assets/Sprites/Hurt (10).png using Guid(75162d70e27cfeb438cf856aef8aab29) Importer(815301076,1909f56bfc062723c751e8b465ee728b)  -> (artifact id: '72add425dd54e4825a5a18e317a449b4') in 0.012783 seconds 
  Import took 0.016413 seconds .

========================================================================
Received Import Request.
  Time since last request: 0.000268 seconds.
  path: Assets/Sprites/Idle (10).png
  artifactKey: Guid(33082d1792ab9c340a12588887b06ad1) Importer(815301076,1909f56bfc062723c751e8b465ee728b)
Start importing Assets/Sprites/Idle (10).png using Guid(33082d1792ab9c340a12588887b06ad1) Importer(815301076,1909f56bfc062723c751e8b465ee728b)  -> (artifact id: '606f8251a7a039747830149cad8b51f0') in 0.016763 seconds 
  Import took 0.020067 seconds .

========================================================================
Received Import Request.
  Time since last request: 0.000172 seconds.
  path: Assets/Sprites/Hurt (5).png
  artifactKey: Guid(ba1b0d7a4d661b849b3df6c4a2e49ad0) Importer(815301076,1909f56bfc062723c751e8b465ee728b)
Start importing Assets/Sprites/Hurt (5).png using Guid(ba1b0d7a4d661b849b3df6c4a2e49ad0) Importer(815301076,1909f56bfc062723c751e8b465ee728b)  -> (artifact id: '4f2556a54655a3da276899f8ac2d119a') in 0.012148 seconds 
  Import took 0.015114 seconds .

========================================================================
Received Import Request.
  Time since last request: 0.000212 seconds.
  path: Assets/Sprites/Idle (5).png
  artifactKey: Guid(e9e838445a2532b4aa875dbbeada54a3) Importer(815301076,1909f56bfc062723c751e8b465ee728b)
Start importing Assets/Sprites/Idle (5).png using Guid(e9e838445a2532b4aa875dbbeada54a3) Importer(815301076,1909f56bfc062723c751e8b465ee728b)  -> (artifact id: '14d05e02b943fe65d3fd49ac6dea7810') in 0.011718 seconds 
  Import took 0.015106 seconds .

========================================================================
Received Import Request.
  Time since last request: 0.000196 seconds.
  path: Assets/Sprites/Jump (3).png
  artifactKey: Guid(8a7f3805d961a664595b2936be623a12) Importer(815301076,1909f56bfc062723c751e8b465ee728b)
Start importing Assets/Sprites/Jump (3).png using Guid(8a7f3805d961a664595b2936be623a12) Importer(815301076,1909f56bfc062723c751e8b465ee728b)  -> (artifact id: '8b036ce8db5f062e46777da9c59d5170') in 0.012010 seconds 
  Import took 0.015208 seconds .

========================================================================
Received Import Request.
  Time since last request: 0.000158 seconds.
  path: Assets/Sprites/Idle (8).png
  artifactKey: Guid(75bd5bc2ff41ff7478765dd3be015ef7) Importer(815301076,1909f56bfc062723c751e8b465ee728b)
Start importing Assets/Sprites/Idle (8).png using Guid(75bd5bc2ff41ff7478765dd3be015ef7) Importer(815301076,1909f56bfc062723c751e8b465ee728b)  -> (artifact id: '5361f423490f8fd4c30884a5110f0272') in 0.013040 seconds 
  Import took 0.016063 seconds .

========================================================================
Received Import Request.
  Time since last request: 0.000166 seconds.
  path: Assets/Sprites/Idle (4).png
  artifactKey: Guid(a410ba17a61b5df4185ab42bf3bfd2f8) Importer(815301076,1909f56bfc062723c751e8b465ee728b)
Start importing Assets/Sprites/Idle (4).png using Guid(a410ba17a61b5df4185ab42bf3bfd2f8) Importer(815301076,1909f56bfc062723c751e8b465ee728b)  -> (artifact id: '6e03a94e620797810e7cca1a63d60270') in 0.011403 seconds 
  Import took 0.014596 seconds .

========================================================================
Received Import Request.
  Time since last request: 0.000170 seconds.
  path: Assets/Sprites/Idle (3).png
  artifactKey: Guid(6b8005453afe0c448a957ae3f724c444) Importer(815301076,1909f56bfc062723c751e8b465ee728b)
Start importing Assets/Sprites/Idle (3).png using Guid(6b8005453afe0c448a957ae3f724c444) Importer(815301076,1909f56bfc062723c751e8b465ee728b)  -> (artifact id: 'ec3bc4367b2f9ec0804801cf3d225b06') in 0.012980 seconds 
  Import took 0.016170 seconds .

========================================================================
Received Import Request.
  Time since last request: 0.000179 seconds.
  path: Assets/Sprites/Slide (9).png
  artifactKey: Guid(860a4591d091fdd48bca0a7bb37ce7e4) Importer(815301076,1909f56bfc062723c751e8b465ee728b)
Start importing Assets/Sprites/Slide (9).png using Guid(860a4591d091fdd48bca0a7bb37ce7e4) Importer(815301076,1909f56bfc062723c751e8b465ee728b)  -> (artifact id: 'c061ed726a9047c33f7768b1c480dc65') in 0.013083 seconds 
  Import took 0.016483 seconds .

========================================================================
Received Import Request.
  Time since last request: 0.000218 seconds.
  path: Assets/Sprites/Dead (3).png
  artifactKey: Guid(554fd67729448f84297ac9aeb6174448) Importer(815301076,1909f56bfc062723c751e8b465ee728b)
Start importing Assets/Sprites/Dead (3).png using Guid(554fd67729448f84297ac9aeb6174448) Importer(815301076,1909f56bfc062723c751e8b465ee728b)  -> (artifact id: 'cbb43e69efe06f3614e05f0fa591b3c8') in 0.015061 seconds 
  Import took 0.019148 seconds .

========================================================================
Received Import Request.
  Time since last request: 0.000225 seconds.
  path: Assets/Sprites/Walk (3).png
  artifactKey: Guid(6f1b19d5c41295f40a10749de870656b) Importer(815301076,1909f56bfc062723c751e8b465ee728b)
Start importing Assets/Sprites/Walk (3).png using Guid(6f1b19d5c41295f40a10749de870656b) Importer(815301076,1909f56bfc062723c751e8b465ee728b)  -> (artifact id: '96f95e44b4ae0e9f07f0115940272a6e') in 0.012488 seconds 
  Import took 0.015834 seconds .

========================================================================
Received Import Request.
  Time since last request: 0.000168 seconds.
  path: Assets/Sprites/Idle (2).png
  artifactKey: Guid(9df780ed25180974c9d8f42bff863fc2) Importer(815301076,1909f56bfc062723c751e8b465ee728b)
Start importing Assets/Sprites/Idle (2).png using Guid(9df780ed25180974c9d8f42bff863fc2) Importer(815301076,1909f56bfc062723c751e8b465ee728b)  -> (artifact id: 'e4abe54d74c1b2ae87d8fddf049c8bf2') in 0.011842 seconds 
  Import took 0.015041 seconds .

========================================================================
Received Import Request.
  Time since last request: 0.000169 seconds.
  path: Assets/Sprites/Hurt (4).png
  artifactKey: Guid(9ba00a34f6bc690489db544f048c06a7) Importer(815301076,1909f56bfc062723c751e8b465ee728b)
Start importing Assets/Sprites/Hurt (4).png using Guid(9ba00a34f6bc690489db544f048c06a7) Importer(815301076,1909f56bfc062723c751e8b465ee728b)  -> (artifact id: 'bf82d5bff3fe7eb9ed5db9872557dcda') in 0.011653 seconds 
  Import took 0.014864 seconds .

========================================================================
Received Import Request.
  Time since last request: 0.000184 seconds.
  path: Assets/Sprites/Hurt (6).png
  artifactKey: Guid(d85e6e49ef3959e499cd1a5d1e77bbe9) Importer(815301076,1909f56bfc062723c751e8b465ee728b)
Start importing Assets/Sprites/Hurt (6).png using Guid(d85e6e49ef3959e499cd1a5d1e77bbe9) Importer(815301076,1909f56bfc062723c751e8b465ee728b)  -> (artifact id: '5efd158a8594552e1704153b857eae0c') in 0.011810 seconds 
  Import took 0.015172 seconds .

========================================================================
Received Import Request.
  Time since last request: 0.000209 seconds.
  path: Assets/Sprites/Dead (7).png
  artifactKey: Guid(20f0c994b7d6382429d520b07041ce70) Importer(815301076,1909f56bfc062723c751e8b465ee728b)
Start importing Assets/Sprites/Dead (7).png using Guid(20f0c994b7d6382429d520b07041ce70) Importer(815301076,1909f56bfc062723c751e8b465ee728b)  -> (artifact id: '7cfd22718dc4a7fc7f67a3d46bb883d7') in 0.012058 seconds 
  Import took 0.015305 seconds .

========================================================================
Received Import Request.
  Time since last request: 0.000167 seconds.
  path: Assets/Sprites/Run (3).png
  artifactKey: Guid(d6fe46fa884d5ab44b4e9f3a02993814) Importer(815301076,1909f56bfc062723c751e8b465ee728b)
Start importing Assets/Sprites/Run (3).png using Guid(d6fe46fa884d5ab44b4e9f3a02993814) Importer(815301076,1909f56bfc062723c751e8b465ee728b)  -> (artifact id: '7994b940022406211f895ca2a579beda') in 0.011849 seconds 
  Import took 0.014946 seconds .

========================================================================
Received Import Request.
  Time since last request: 0.000165 seconds.
  path: Assets/Sprites/Slide (2).png
  artifactKey: Guid(3d899145271db93469404ed9104ced3e) Importer(815301076,1909f56bfc062723c751e8b465ee728b)
Start importing Assets/Sprites/Slide (2).png using Guid(3d899145271db93469404ed9104ced3e) Importer(815301076,1909f56bfc062723c751e8b465ee728b)  -> (artifact id: 'cd21d4ece69286a9973da1a807c8da6b') in 0.012708 seconds 
  Import took 0.016483 seconds .

========================================================================
Received Import Request.
  Time since last request: 0.000171 seconds.
  path: Assets/Sprites/Idle (6).png
  artifactKey: Guid(a6aac110368bf034cad168b9005db3e6) Importer(815301076,1909f56bfc062723c751e8b465ee728b)
Start importing Assets/Sprites/Idle (6).png using Guid(a6aac110368bf034cad168b9005db3e6) Importer(815301076,1909f56bfc062723c751e8b465ee728b)  -> (artifact id: '2d00f734468dcd363a763e65975390da') in 0.013554 seconds 
  Import took 0.017859 seconds .

========================================================================
Received Import Request.
  Time since last request: 0.000202 seconds.
  path: Assets/Sprites/Dead (10).png
  artifactKey: Guid(1afe4bbb8226c13408ce48ebd01c30d3) Importer(815301076,1909f56bfc062723c751e8b465ee728b)
Start importing Assets/Sprites/Dead (10).png using Guid(1afe4bbb8226c13408ce48ebd01c30d3) Importer(815301076,1909f56bfc062723c751e8b465ee728b)  -> (artifact id: 'd2435a3832ee8928d494bb4dcfe044ba') in 0.014605 seconds 
  Import took 0.017838 seconds .

========================================================================
Received Import Request.
  Time since last request: 0.000155 seconds.
  path: Assets/Sprites/Walk (2).png
  artifactKey: Guid(1b8fbde00bf359c409193d0acac8bdd7) Importer(815301076,1909f56bfc062723c751e8b465ee728b)
Start importing Assets/Sprites/Walk (2).png using Guid(1b8fbde00bf359c409193d0acac8bdd7) Importer(815301076,1909f56bfc062723c751e8b465ee728b)  -> (artifact id: 'b56242d2a0a436bacc1df47946715bd2') in 0.012991 seconds 
  Import took 0.016165 seconds .

========================================================================
Received Import Request.
  Time since last request: 0.000173 seconds.
  path: Assets/Sprites/Slide (3).png
  artifactKey: Guid(6291e72b7706bd14cb6749fc27a854d7) Importer(815301076,1909f56bfc062723c751e8b465ee728b)
Start importing Assets/Sprites/Slide (3).png using Guid(6291e72b7706bd14cb6749fc27a854d7) Importer(815301076,1909f56bfc062723c751e8b465ee728b)  -> (artifact id: '45fee185afd0fe2b53830b3343cf181e') in 0.011818 seconds 
  Import took 0.015166 seconds .

========================================================================
Received Import Request.
  Time since last request: 0.000167 seconds.
  path: Assets/Sprites/Fall (4).png
  artifactKey: Guid(cb78104cb941fe44e825239d1a9b910f) Importer(815301076,1909f56bfc062723c751e8b465ee728b)
Start importing Assets/Sprites/Fall (4).png using Guid(cb78104cb941fe44e825239d1a9b910f) Importer(815301076,1909f56bfc062723c751e8b465ee728b)  -> (artifact id: '9f00f796cfcc3ed07bf6329f089a7497') in 0.011515 seconds 
  Import took 0.014739 seconds .

========================================================================
Received Import Request.
  Time since last request: 0.000173 seconds.
  path: Assets/Sprites/Idle (1).png
  artifactKey: Guid(d2dc852f1a2bf2b40b4eea399a6db767) Importer(815301076,1909f56bfc062723c751e8b465ee728b)
Start importing Assets/Sprites/Idle (1).png using Guid(d2dc852f1a2bf2b40b4eea399a6db767) Importer(815301076,1909f56bfc062723c751e8b465ee728b)  -> (artifact id: '05e63bb116ccb6433acfcc6bb8fd97c1') in 0.012003 seconds 
  Import took 0.015551 seconds .

========================================================================
Received Import Request.
  Time since last request: 0.000209 seconds.
  path: Assets/Sprites/Fall (2).png
  artifactKey: Guid(7bfcdf2ae5b8c9144a1378f36e60d1d8) Importer(815301076,1909f56bfc062723c751e8b465ee728b)
Start importing Assets/Sprites/Fall (2).png using Guid(7bfcdf2ae5b8c9144a1378f36e60d1d8) Importer(815301076,1909f56bfc062723c751e8b465ee728b)  -> (artifact id: '0e9c264d21f5438a87574e37eb84d6e1') in 0.012203 seconds 
  Import took 0.015312 seconds .

========================================================================
Received Import Request.
  Time since last request: 0.000170 seconds.
  path: Assets/Sprites/Fall (3).png
  artifactKey: Guid(0b240cdec3cbc984aaa289d15e281521) Importer(815301076,1909f56bfc062723c751e8b465ee728b)
Start importing Assets/Sprites/Fall (3).png using Guid(0b240cdec3cbc984aaa289d15e281521) Importer(815301076,1909f56bfc062723c751e8b465ee728b)  -> (artifact id: 'f450e6253eb4eeddd3787069c53761e3') in 0.011487 seconds 
  Import took 0.014684 seconds .

========================================================================
Received Import Request.
  Time since last request: 0.000176 seconds.
  path: Assets/Sprites/Walk (9).png
  artifactKey: Guid(d30277af602bd004a85ca9e030988f53) Importer(815301076,1909f56bfc062723c751e8b465ee728b)
Start importing Assets/Sprites/Walk (9).png using Guid(d30277af602bd004a85ca9e030988f53) Importer(815301076,1909f56bfc062723c751e8b465ee728b)  -> (artifact id: '5f38e1bed1abe22c55d53231bef04b92') in 0.012900 seconds 
  Import took 0.016450 seconds .

========================================================================
Received Import Request.
  Time since last request: 0.000195 seconds.
  path: Assets/Sprites/Jump (1).png
  artifactKey: Guid(e61836920ea253743a640d853d801726) Importer(815301076,1909f56bfc062723c751e8b465ee728b)
Start importing Assets/Sprites/Jump (1).png using Guid(e61836920ea253743a640d853d801726) Importer(815301076,1909f56bfc062723c751e8b465ee728b)  -> (artifact id: 'e756f540d259a5641d0a7f0dbc091cc9') in 0.014756 seconds 
  Import took 0.018099 seconds .

========================================================================
Received Import Request.
  Time since last request: 0.000156 seconds.
  path: Assets/Sprites/Hurt (1).png
  artifactKey: Guid(bdb2ce0dc2c358f46a3e7ab1c56e9e82) Importer(815301076,1909f56bfc062723c751e8b465ee728b)
Start importing Assets/Sprites/Hurt (1).png using Guid(bdb2ce0dc2c358f46a3e7ab1c56e9e82) Importer(815301076,1909f56bfc062723c751e8b465ee728b)  -> (artifact id: '75e35a69620fb639255affd814399d24') in 0.012049 seconds 
  Import took 0.015049 seconds .

========================================================================
Received Import Request.
  Time since last request: 0.000173 seconds.
  path: Assets/Sprites/Fall (8).png
  artifactKey: Guid(a9ae7ce0220722441b914018233e564a) Importer(815301076,1909f56bfc062723c751e8b465ee728b)
Start importing Assets/Sprites/Fall (8).png using Guid(a9ae7ce0220722441b914018233e564a) Importer(815301076,1909f56bfc062723c751e8b465ee728b)  -> (artifact id: '31dbee5d71dc85e01efab26d0692e690') in 0.012672 seconds 
  Import took 0.015938 seconds .

========================================================================
Received Import Request.
  Time since last request: 0.000166 seconds.
  path: Assets/Sprites/Run (4).png
  artifactKey: Guid(3291aef7b4612a54b93ae4399e1d4c3b) Importer(815301076,1909f56bfc062723c751e8b465ee728b)
Start importing Assets/Sprites/Run (4).png using Guid(3291aef7b4612a54b93ae4399e1d4c3b) Importer(815301076,1909f56bfc062723c751e8b465ee728b)  -> (artifact id: 'e86115c34af4fff34cecc91d9f75c2e5') in 0.012292 seconds 
  Import took 0.015569 seconds .

========================================================================
Received Import Request.
  Time since last request: 0.000180 seconds.
  path: Assets/Sprites/Walk (7).png
  artifactKey: Guid(c66fef52381aee84696c979cb7132e8f) Importer(815301076,1909f56bfc062723c751e8b465ee728b)
Start importing Assets/Sprites/Walk (7).png using Guid(c66fef52381aee84696c979cb7132e8f) Importer(815301076,1909f56bfc062723c751e8b465ee728b)  -> (artifact id: 'd3f33f943445e23447cccaa0e27f6738') in 0.011724 seconds 
  Import took 0.014785 seconds .

========================================================================
Received Import Request.
  Time since last request: 0.000176 seconds.
  path: Assets/Sprites/Walk (1).png
  artifactKey: Guid(1c68d4d3b3b8b744ebebc479bb80e40c) Importer(815301076,1909f56bfc062723c751e8b465ee728b)
Start importing Assets/Sprites/Walk (1).png using Guid(1c68d4d3b3b8b744ebebc479bb80e40c) Importer(815301076,1909f56bfc062723c751e8b465ee728b)  -> (artifact id: '315fde8be9980c4be56bb0294ef13c66') in 0.011967 seconds 
  Import took 0.015284 seconds .

========================================================================
Received Import Request.
  Time since last request: 0.000181 seconds.
  path: Assets/Sprites/Dead (8).png
  artifactKey: Guid(d76b432b305a5ac4e93fe03f82282158) Importer(815301076,1909f56bfc062723c751e8b465ee728b)
Start importing Assets/Sprites/Dead (8).png using Guid(d76b432b305a5ac4e93fe03f82282158) Importer(815301076,1909f56bfc062723c751e8b465ee728b)  -> (artifact id: '6acecef8cf151daa0be0254390ba5b82') in 0.012762 seconds 
  Import took 0.016016 seconds .

========================================================================
Received Import Request.
  Time since last request: 0.000206 seconds.
  path: Assets/Sprites/Dead (6).png
  artifactKey: Guid(14ff007ce4004124494d9b9ea9c514aa) Importer(815301076,1909f56bfc062723c751e8b465ee728b)
Start importing Assets/Sprites/Dead (6).png using Guid(14ff007ce4004124494d9b9ea9c514aa) Importer(815301076,1909f56bfc062723c751e8b465ee728b)  -> (artifact id: '9af98a7b8f40742f6fa0fb3d0a9fa93e') in 0.015320 seconds 
  Import took 0.018750 seconds .

========================================================================
Received Import Request.
  Time since last request: 0.000248 seconds.
  path: Assets/Sprites/Fall (7).png
  artifactKey: Guid(fbe00171852a3594aad209723031df36) Importer(815301076,1909f56bfc062723c751e8b465ee728b)
Start importing Assets/Sprites/Fall (7).png using Guid(fbe00171852a3594aad209723031df36) Importer(815301076,1909f56bfc062723c751e8b465ee728b)  -> (artifact id: '70c0b48626a82b57efbf7682736d98b9') in 0.014250 seconds 
  Import took 0.018420 seconds .

========================================================================
Received Import Request.
  Time since last request: 0.000158 seconds.
  path: Assets/Sprites/Jump (5).png
  artifactKey: Guid(b6daf034ef664ae41bb7f17ce45c9314) Importer(815301076,1909f56bfc062723c751e8b465ee728b)
Start importing Assets/Sprites/Jump (5).png using Guid(b6daf034ef664ae41bb7f17ce45c9314) Importer(815301076,1909f56bfc062723c751e8b465ee728b)  -> (artifact id: '164f660df77586656a2a50582d7417ca') in 0.012304 seconds 
  Import took 0.015369 seconds .

========================================================================
Received Import Request.
  Time since last request: 0.000222 seconds.
  path: Assets/Sprites/Dead (9).png
  artifactKey: Guid(94ace4c4110147e41914c4718c0d2378) Importer(815301076,1909f56bfc062723c751e8b465ee728b)
Start importing Assets/Sprites/Dead (9).png using Guid(94ace4c4110147e41914c4718c0d2378) Importer(815301076,1909f56bfc062723c751e8b465ee728b)  -> (artifact id: 'f6293ac835d79c10806c39b85f8cebb2') in 0.012093 seconds 
  Import took 0.015617 seconds .

========================================================================
Received Import Request.
  Time since last request: 0.000192 seconds.
  path: Assets/Sprites/Idle (9).png
  artifactKey: Guid(d8dbf510ae8bd6f4f82192ce0069ce6b) Importer(815301076,1909f56bfc062723c751e8b465ee728b)
Start importing Assets/Sprites/Idle (9).png using Guid(d8dbf510ae8bd6f4f82192ce0069ce6b) Importer(815301076,1909f56bfc062723c751e8b465ee728b)  -> (artifact id: 'd368db53e93e2f8f13ed0a2852f3939e') in 0.012226 seconds 
  Import took 0.015697 seconds .

========================================================================
Received Import Request.
  Time since last request: 0.000168 seconds.
  path: Assets/Sprites/Run (6).png
  artifactKey: Guid(22ce098d70422504baa00f306a863eb8) Importer(815301076,1909f56bfc062723c751e8b465ee728b)
Start importing Assets/Sprites/Run (6).png using Guid(22ce098d70422504baa00f306a863eb8) Importer(815301076,1909f56bfc062723c751e8b465ee728b)  -> (artifact id: '23c3ef434982dd5b58231791acf2d2e9') in 0.012010 seconds 
  Import took 0.015141 seconds .

========================================================================
Received Import Request.
  Time since last request: 0.000192 seconds.
  path: Assets/Sprites/Fall (5).png
  artifactKey: Guid(983c15165eac01849862ac984e3fceed) Importer(815301076,1909f56bfc062723c751e8b465ee728b)
Start importing Assets/Sprites/Fall (5).png using Guid(983c15165eac01849862ac984e3fceed) Importer(815301076,1909f56bfc062723c751e8b465ee728b)  -> (artifact id: '7bbaf6be78b6f40ae4256b2a9b61e06c') in 0.012471 seconds 
  Import took 0.015881 seconds .

========================================================================
Received Import Request.
  Time since last request: 0.000183 seconds.
  path: Assets/Sprites/Slide (8).png
  artifactKey: Guid(741f7cbdf56e2164e990e9f42b79555c) Importer(815301076,1909f56bfc062723c751e8b465ee728b)
Start importing Assets/Sprites/Slide (8).png using Guid(741f7cbdf56e2164e990e9f42b79555c) Importer(815301076,1909f56bfc062723c751e8b465ee728b)  -> (artifact id: '3f7df65f5baf208bc92ccf0a26d8971d') in 0.012129 seconds 
  Import took 0.015553 seconds .

========================================================================
Received Import Request.
  Time since last request: 0.000176 seconds.
  path: Assets/Sprites/Jump (4).png
  artifactKey: Guid(ab85a9aafec15fc44bff3ec51b3f6f8b) Importer(815301076,1909f56bfc062723c751e8b465ee728b)
Start importing Assets/Sprites/Jump (4).png using Guid(ab85a9aafec15fc44bff3ec51b3f6f8b) Importer(815301076,1909f56bfc062723c751e8b465ee728b)  -> (artifact id: 'ac427ef05317227fc04e09e608d0c774') in 0.013875 seconds 
  Import took 0.017253 seconds .

========================================================================
Received Import Request.
  Time since last request: 0.000200 seconds.
  path: Assets/Sprites/Run (8).png
  artifactKey: Guid(6f195515c14e68d46a0c544eec06708c) Importer(815301076,1909f56bfc062723c751e8b465ee728b)
Start importing Assets/Sprites/Run (8).png using Guid(6f195515c14e68d46a0c544eec06708c) Importer(815301076,1909f56bfc062723c751e8b465ee728b)  -> (artifact id: '36713c94d5b88bb63f362c592d6490ba') in 0.013417 seconds 
  Import took 0.017093 seconds .

========================================================================
Received Import Request.
  Time since last request: 0.000179 seconds.
  path: Assets/Sprites/Hurt (3).png
  artifactKey: Guid(2bf2af35679645449b77d5327286bc92) Importer(815301076,1909f56bfc062723c751e8b465ee728b)
Start importing Assets/Sprites/Hurt (3).png using Guid(2bf2af35679645449b77d5327286bc92) Importer(815301076,1909f56bfc062723c751e8b465ee728b)  -> (artifact id: '4994421ed8d64ea858ae6b587ec918e6') in 0.012946 seconds 
  Import took 0.016422 seconds .

========================================================================
Received Import Request.
  Time since last request: 0.000267 seconds.
  path: Assets/Sprites/Dead (2).png
  artifactKey: Guid(97e134804408c604c91b531ac73d7268) Importer(815301076,1909f56bfc062723c751e8b465ee728b)
Start importing Assets/Sprites/Dead (2).png using Guid(97e134804408c604c91b531ac73d7268) Importer(815301076,1909f56bfc062723c751e8b465ee728b)  -> (artifact id: 'fffa49c5b361a5808dc1aafa0b73e190') in 0.012668 seconds 
  Import took 0.016533 seconds .

========================================================================
Received Prepare
Registering precompiled user dll's ...
Registered in 0.004957 seconds.
Begin MonoManager ReloadAssembly
Native extension for WindowsStandalone target not found
Refreshing native plugins compatible for Editor in 0.53 ms, found 3 plugins.
Preloading 0 native plugins for Editor in 0.00 ms.
Mono: successfully reloaded assembly
- Completed reload, in  0.927 seconds
Domain Reload Profiling:
	ReloadAssembly (927ms)
		BeginReloadAssembly (108ms)
			ExecutionOrderSort (0ms)
			DisableScriptedObjects (5ms)
			BackupInstance (0ms)
			ReleaseScriptingObjects (0ms)
			CreateAndSetChildDomain (31ms)
		EndReloadAssembly (762ms)
			LoadAssemblies (80ms)
			RebuildTransferFunctionScriptingTraits (0ms)
			SetupTypeCache (249ms)
			ReleaseScriptCaches (1ms)
			RebuildScriptCaches (35ms)
			SetupLoadedEditorAssemblies (306ms)
				LogAssemblyErrors (0ms)
				InitializePlatformSupportModulesInManaged (4ms)
				SetLoadedEditorAssemblies (0ms)
				RefreshPlugins (1ms)
				BeforeProcessingInitializeOnLoad (79ms)
				ProcessInitializeOnLoadAttributes (211ms)
				ProcessInitializeOnLoadMethodAttributes (5ms)
				AfterProcessingInitializeOnLoad (7ms)
				EditorAssembliesLoaded (0ms)
			ExecutionOrderSort2 (0ms)
			AwakeInstancesAfterBackupRestoration (9ms)
Platform modules already initialized, skipping
Refreshing native plugins compatible for Editor in 0.54 ms, found 3 plugins.
Preloading 0 native plugins for Editor in 0.00 ms.
Unloading 2082 Unused Serialized files (Serialized files now loaded: 0)
System memory in use before: 95.6 MB.
System memory in use after: 95.7 MB.

Unloading 16 unused Assets to reduce memory usage. Loaded Objects now: 2541.
Total: 3.517400 ms (FindLiveObjects: 0.250800 ms CreateObjectMapping: 0.052600 ms MarkObjects: 3.194100 ms  DeleteObjects: 0.018800 ms)

AssetImportParameters requested are different than current active one (requested -> active):
  custom:framework-win-MediaFoundation: 216162199b28c13a410421893ffa2e32 -> 
  custom:video-decoder-ogg-theora: a1e56fd34408186e4bbccfd4996cb3dc -> 
  custom:container-muxer-webm: aa71ff27fc2769a1b78a27578f13a17b -> 
  custom:container-demuxer-webm: 4f35f7cbe854078d1ac9338744f61a02 -> 
  custom:container-demuxer-ogg: 62fdf1f143b41e24485cea50d1cbac27 -> 
  custom:video-encoder-webm-vp8: eb34c28f22e8b96e1ab97ce403110664 -> 
  custom:video-decoder-webm-vp8: 9c59270c3fd7afecdb556c50c9e8de78 -> 
  custom:audio-decoder-ogg-vorbis: bf7c407c2cedff20999df2af8eb42d56 -> 
  custom:audio-encoder-webm-vorbis: bf7c407c2cedff20999df2af8eb42d56 -> 
========================================================================
Received Prepare
Registering precompiled user dll's ...
Registered in 0.004527 seconds.
Begin MonoManager ReloadAssembly
Native extension for WindowsStandalone target not found
Refreshing native plugins compatible for Editor in 0.52 ms, found 3 plugins.
Preloading 0 native plugins for Editor in 0.00 ms.
Mono: successfully reloaded assembly
- Completed reload, in  0.933 seconds
Domain Reload Profiling:
	ReloadAssembly (933ms)
		BeginReloadAssembly (110ms)
			ExecutionOrderSort (0ms)
			DisableScriptedObjects (5ms)
			BackupInstance (0ms)
			ReleaseScriptingObjects (0ms)
			CreateAndSetChildDomain (31ms)
		EndReloadAssembly (766ms)
			LoadAssemblies (77ms)
			RebuildTransferFunctionScriptingTraits (0ms)
			SetupTypeCache (252ms)
			ReleaseScriptCaches (1ms)
			RebuildScriptCaches (36ms)
			SetupLoadedEditorAssemblies (305ms)
				LogAssemblyErrors (0ms)
				InitializePlatformSupportModulesInManaged (4ms)
				SetLoadedEditorAssemblies (0ms)
				RefreshPlugins (1ms)
				BeforeProcessingInitializeOnLoad (81ms)
				ProcessInitializeOnLoadAttributes (208ms)
				ProcessInitializeOnLoadMethodAttributes (5ms)
				AfterProcessingInitializeOnLoad (7ms)
				EditorAssembliesLoaded (0ms)
			ExecutionOrderSort2 (0ms)
			AwakeInstancesAfterBackupRestoration (9ms)
Platform modules already initialized, skipping
Refreshing native plugins compatible for Editor in 0.56 ms, found 3 plugins.
Preloading 0 native plugins for Editor in 0.00 ms.
Unloading 2082 Unused Serialized files (Serialized files now loaded: 0)
System memory in use before: 95.6 MB.
System memory in use after: 95.7 MB.

Unloading 16 unused Assets to reduce memory usage. Loaded Objects now: 2544.
Total: 3.036900 ms (FindLiveObjects: 0.216300 ms CreateObjectMapping: 0.057900 ms MarkObjects: 2.746700 ms  DeleteObjects: 0.015300 ms)

AssetImportParameters requested are different than current active one (requested -> active):
  custom:framework-win-MediaFoundation: 216162199b28c13a410421893ffa2e32 -> 
  custom:video-decoder-ogg-theora: a1e56fd34408186e4bbccfd4996cb3dc -> 
  custom:container-muxer-webm: aa71ff27fc2769a1b78a27578f13a17b -> 
  custom:container-demuxer-webm: 4f35f7cbe854078d1ac9338744f61a02 -> 
  custom:container-demuxer-ogg: 62fdf1f143b41e24485cea50d1cbac27 -> 
  custom:video-encoder-webm-vp8: eb34c28f22e8b96e1ab97ce403110664 -> 
  custom:video-decoder-webm-vp8: 9c59270c3fd7afecdb556c50c9e8de78 -> 
  custom:audio-decoder-ogg-vorbis: bf7c407c2cedff20999df2af8eb42d56 -> 
  custom:audio-encoder-webm-vorbis: bf7c407c2cedff20999df2af8eb42d56 -> 
========================================================================
Received Prepare
Registering precompiled user dll's ...
Registered in 0.005007 seconds.
Begin MonoManager ReloadAssembly
Native extension for WindowsStandalone target not found
Refreshing native plugins compatible for Editor in 0.53 ms, found 3 plugins.
Preloading 0 native plugins for Editor in 0.00 ms.
Mono: successfully reloaded assembly
- Completed reload, in  0.881 seconds
Domain Reload Profiling:
	ReloadAssembly (882ms)
		BeginReloadAssembly (96ms)
			ExecutionOrderSort (0ms)
			DisableScriptedObjects (5ms)
			BackupInstance (0ms)
			ReleaseScriptingObjects (0ms)
			CreateAndSetChildDomain (28ms)
		EndReloadAssembly (730ms)
			LoadAssemblies (76ms)
			RebuildTransferFunctionScriptingTraits (0ms)
			SetupTypeCache (227ms)
			ReleaseScriptCaches (1ms)
			RebuildScriptCaches (37ms)
			SetupLoadedEditorAssemblies (302ms)
				LogAssemblyErrors (0ms)
				InitializePlatformSupportModulesInManaged (4ms)
				SetLoadedEditorAssemblies (0ms)
				RefreshPlugins (1ms)
				BeforeProcessingInitializeOnLoad (79ms)
				ProcessInitializeOnLoadAttributes (206ms)
				ProcessInitializeOnLoadMethodAttributes (5ms)
				AfterProcessingInitializeOnLoad (7ms)
				EditorAssembliesLoaded (0ms)
			ExecutionOrderSort2 (0ms)
			AwakeInstancesAfterBackupRestoration (9ms)
Platform modules already initialized, skipping
Refreshing native plugins compatible for Editor in 0.49 ms, found 3 plugins.
Preloading 0 native plugins for Editor in 0.00 ms.
Unloading 2082 Unused Serialized files (Serialized files now loaded: 0)
System memory in use before: 95.6 MB.
System memory in use after: 95.7 MB.

Unloading 16 unused Assets to reduce memory usage. Loaded Objects now: 2547.
Total: 2.963300 ms (FindLiveObjects: 0.196700 ms CreateObjectMapping: 0.048400 ms MarkObjects: 2.701400 ms  DeleteObjects: 0.016000 ms)

AssetImportParameters requested are different than current active one (requested -> active):
  custom:framework-win-MediaFoundation: 216162199b28c13a410421893ffa2e32 -> 
  custom:video-decoder-ogg-theora: a1e56fd34408186e4bbccfd4996cb3dc -> 
  custom:container-muxer-webm: aa71ff27fc2769a1b78a27578f13a17b -> 
  custom:container-demuxer-webm: 4f35f7cbe854078d1ac9338744f61a02 -> 
  custom:container-demuxer-ogg: 62fdf1f143b41e24485cea50d1cbac27 -> 
  custom:video-encoder-webm-vp8: eb34c28f22e8b96e1ab97ce403110664 -> 
  custom:video-decoder-webm-vp8: 9c59270c3fd7afecdb556c50c9e8de78 -> 
  custom:audio-decoder-ogg-vorbis: bf7c407c2cedff20999df2af8eb42d56 -> 
  custom:audio-encoder-webm-vorbis: bf7c407c2cedff20999df2af8eb42d56 -> 
========================================================================
Received Import Request.
  Time since last request: 685.073948 seconds.
  path: Assets/Animations/Idle (1).controller
  artifactKey: Guid(26d699edad31f3b4f98e26bcbcf398ba) Importer(815301076,1909f56bfc062723c751e8b465ee728b)
Start importing Assets/Animations/Idle (1).controller using Guid(26d699edad31f3b4f98e26bcbcf398ba) Importer(815301076,1909f56bfc062723c751e8b465ee728b)  -> (artifact id: '93c4e08cea532b8b3e1b91b11c4799b8') in 0.014042 seconds 
  Import took 0.019320 seconds .

========================================================================
Received Prepare
Registering precompiled user dll's ...
Registered in 0.005218 seconds.
Begin MonoManager ReloadAssembly
Native extension for WindowsStandalone target not found
Refreshing native plugins compatible for Editor in 0.54 ms, found 3 plugins.
Preloading 0 native plugins for Editor in 0.00 ms.
Mono: successfully reloaded assembly
- Completed reload, in  0.899 seconds
Domain Reload Profiling:
	ReloadAssembly (899ms)
		BeginReloadAssembly (108ms)
			ExecutionOrderSort (0ms)
			DisableScriptedObjects (5ms)
			BackupInstance (0ms)
			ReleaseScriptingObjects (0ms)
			CreateAndSetChildDomain (30ms)
		EndReloadAssembly (735ms)
			LoadAssemblies (77ms)
			RebuildTransferFunctionScriptingTraits (0ms)
			SetupTypeCache (229ms)
			ReleaseScriptCaches (1ms)
			RebuildScriptCaches (35ms)
			SetupLoadedEditorAssemblies (306ms)
				LogAssemblyErrors (0ms)
				InitializePlatformSupportModulesInManaged (4ms)
				SetLoadedEditorAssemblies (0ms)
				RefreshPlugins (1ms)
				BeforeProcessingInitializeOnLoad (78ms)
				ProcessInitializeOnLoadAttributes (211ms)
				ProcessInitializeOnLoadMethodAttributes (5ms)
				AfterProcessingInitializeOnLoad (7ms)
				EditorAssembliesLoaded (0ms)
			ExecutionOrderSort2 (0ms)
			AwakeInstancesAfterBackupRestoration (8ms)
Platform modules already initialized, skipping
Refreshing native plugins compatible for Editor in 0.49 ms, found 3 plugins.
Preloading 0 native plugins for Editor in 0.00 ms.
Unloading 2082 Unused Serialized files (Serialized files now loaded: 0)
System memory in use before: 95.6 MB.
System memory in use after: 95.8 MB.

Unloading 16 unused Assets to reduce memory usage. Loaded Objects now: 2550.
Total: 3.058400 ms (FindLiveObjects: 0.207300 ms CreateObjectMapping: 0.048400 ms MarkObjects: 2.730100 ms  DeleteObjects: 0.071600 ms)

AssetImportParameters requested are different than current active one (requested -> active):
  custom:framework-win-MediaFoundation: 216162199b28c13a410421893ffa2e32 -> 
  custom:video-decoder-ogg-theora: a1e56fd34408186e4bbccfd4996cb3dc -> 
  custom:container-muxer-webm: aa71ff27fc2769a1b78a27578f13a17b -> 
  custom:container-demuxer-webm: 4f35f7cbe854078d1ac9338744f61a02 -> 
  custom:container-demuxer-ogg: 62fdf1f143b41e24485cea50d1cbac27 -> 
  custom:video-encoder-webm-vp8: eb34c28f22e8b96e1ab97ce403110664 -> 
  custom:video-decoder-webm-vp8: 9c59270c3fd7afecdb556c50c9e8de78 -> 
  custom:audio-decoder-ogg-vorbis: bf7c407c2cedff20999df2af8eb42d56 -> 
  custom:audio-encoder-webm-vorbis: bf7c407c2cedff20999df2af8eb42d56 -> 
========================================================================
Received Prepare
Registering precompiled user dll's ...
Registered in 0.004418 seconds.
Begin MonoManager ReloadAssembly
Native extension for WindowsStandalone target not found
Refreshing native plugins compatible for Editor in 0.77 ms, found 3 plugins.
Preloading 0 native plugins for Editor in 0.00 ms.
Mono: successfully reloaded assembly
- Completed reload, in  1.046 seconds
Domain Reload Profiling:
	ReloadAssembly (1046ms)
		BeginReloadAssembly (117ms)
			ExecutionOrderSort (0ms)
			DisableScriptedObjects (5ms)
			BackupInstance (0ms)
			ReleaseScriptingObjects (0ms)
			CreateAndSetChildDomain (30ms)
		EndReloadAssembly (868ms)
			LoadAssemblies (93ms)
			RebuildTransferFunctionScriptingTraits (0ms)
			SetupTypeCache (272ms)
			ReleaseScriptCaches (1ms)
			RebuildScriptCaches (49ms)
			SetupLoadedEditorAssemblies (355ms)
				LogAssemblyErrors (0ms)
				InitializePlatformSupportModulesInManaged (5ms)
				SetLoadedEditorAssemblies (0ms)
				RefreshPlugins (1ms)
				BeforeProcessingInitializeOnLoad (96ms)
				ProcessInitializeOnLoadAttributes (239ms)
				ProcessInitializeOnLoadMethodAttributes (6ms)
				AfterProcessingInitializeOnLoad (8ms)
				EditorAssembliesLoaded (0ms)
			ExecutionOrderSort2 (0ms)
			AwakeInstancesAfterBackupRestoration (11ms)
Platform modules already initialized, skipping
Refreshing native plugins compatible for Editor in 0.48 ms, found 3 plugins.
Preloading 0 native plugins for Editor in 0.00 ms.
Unloading 2082 Unused Serialized files (Serialized files now loaded: 0)
System memory in use before: 95.6 MB.
System memory in use after: 95.8 MB.

Unloading 16 unused Assets to reduce memory usage. Loaded Objects now: 2553.
Total: 3.014100 ms (FindLiveObjects: 0.215000 ms CreateObjectMapping: 0.055100 ms MarkObjects: 2.681300 ms  DeleteObjects: 0.061800 ms)

AssetImportParameters requested are different than current active one (requested -> active):
  custom:framework-win-MediaFoundation: 216162199b28c13a410421893ffa2e32 -> 
  custom:video-decoder-ogg-theora: a1e56fd34408186e4bbccfd4996cb3dc -> 
  custom:container-muxer-webm: aa71ff27fc2769a1b78a27578f13a17b -> 
  custom:container-demuxer-webm: 4f35f7cbe854078d1ac9338744f61a02 -> 
  custom:container-demuxer-ogg: 62fdf1f143b41e24485cea50d1cbac27 -> 
  custom:video-encoder-webm-vp8: eb34c28f22e8b96e1ab97ce403110664 -> 
  custom:video-decoder-webm-vp8: 9c59270c3fd7afecdb556c50c9e8de78 -> 
  custom:audio-decoder-ogg-vorbis: bf7c407c2cedff20999df2af8eb42d56 -> 
  custom:audio-encoder-webm-vorbis: bf7c407c2cedff20999df2af8eb42d56 -> 
========================================================================
Received Prepare
Registering precompiled user dll's ...
Registered in 0.005185 seconds.
Begin MonoManager ReloadAssembly
Native extension for WindowsStandalone target not found
Refreshing native plugins compatible for Editor in 0.50 ms, found 3 plugins.
Preloading 0 native plugins for Editor in 0.00 ms.
Mono: successfully reloaded assembly
- Completed reload, in  0.866 seconds
Domain Reload Profiling:
	ReloadAssembly (867ms)
		BeginReloadAssembly (95ms)
			ExecutionOrderSort (0ms)
			DisableScriptedObjects (5ms)
			BackupInstance (0ms)
			ReleaseScriptingObjects (0ms)
			CreateAndSetChildDomain (28ms)
		EndReloadAssembly (717ms)
			LoadAssemblies (76ms)
			RebuildTransferFunctionScriptingTraits (0ms)
			SetupTypeCache (222ms)
			ReleaseScriptCaches (1ms)
			RebuildScriptCaches (34ms)
			SetupLoadedEditorAssemblies (299ms)
				LogAssemblyErrors (0ms)
				InitializePlatformSupportModulesInManaged (4ms)
				SetLoadedEditorAssemblies (0ms)
				RefreshPlugins (1ms)
				BeforeProcessingInitializeOnLoad (82ms)
				ProcessInitializeOnLoadAttributes (201ms)
				ProcessInitializeOnLoadMethodAttributes (4ms)
				AfterProcessingInitializeOnLoad (6ms)
				EditorAssembliesLoaded (0ms)
			ExecutionOrderSort2 (0ms)
			AwakeInstancesAfterBackupRestoration (8ms)
Platform modules already initialized, skipping
Refreshing native plugins compatible for Editor in 0.47 ms, found 3 plugins.
Preloading 0 native plugins for Editor in 0.00 ms.
Unloading 2082 Unused Serialized files (Serialized files now loaded: 0)
System memory in use before: 95.6 MB.
System memory in use after: 95.8 MB.

Unloading 16 unused Assets to reduce memory usage. Loaded Objects now: 2556.
Total: 3.094300 ms (FindLiveObjects: 0.248000 ms CreateObjectMapping: 0.055000 ms MarkObjects: 2.774800 ms  DeleteObjects: 0.015800 ms)

AssetImportParameters requested are different than current active one (requested -> active):
  custom:framework-win-MediaFoundation: 216162199b28c13a410421893ffa2e32 -> 
  custom:video-decoder-ogg-theora: a1e56fd34408186e4bbccfd4996cb3dc -> 
  custom:container-muxer-webm: aa71ff27fc2769a1b78a27578f13a17b -> 
  custom:container-demuxer-webm: 4f35f7cbe854078d1ac9338744f61a02 -> 
  custom:container-demuxer-ogg: 62fdf1f143b41e24485cea50d1cbac27 -> 
  custom:video-encoder-webm-vp8: eb34c28f22e8b96e1ab97ce403110664 -> 
  custom:video-decoder-webm-vp8: 9c59270c3fd7afecdb556c50c9e8de78 -> 
  custom:audio-decoder-ogg-vorbis: bf7c407c2cedff20999df2af8eb42d56 -> 
  custom:audio-encoder-webm-vorbis: bf7c407c2cedff20999df2af8eb42d56 -> 
========================================================================
Received Prepare
Registering precompiled user dll's ...
Registered in 0.004642 seconds.
Begin MonoManager ReloadAssembly
Native extension for WindowsStandalone target not found
Refreshing native plugins compatible for Editor in 0.60 ms, found 3 plugins.
Preloading 0 native plugins for Editor in 0.00 ms.
Mono: successfully reloaded assembly
- Completed reload, in  0.879 seconds
Domain Reload Profiling:
	ReloadAssembly (879ms)
		BeginReloadAssembly (102ms)
			ExecutionOrderSort (0ms)
			DisableScriptedObjects (6ms)
			BackupInstance (0ms)
			ReleaseScriptingObjects (0ms)
			CreateAndSetChildDomain (27ms)
		EndReloadAssembly (722ms)
			LoadAssemblies (74ms)
			RebuildTransferFunctionScriptingTraits (0ms)
			SetupTypeCache (221ms)
			ReleaseScriptCaches (1ms)
			RebuildScriptCaches (35ms)
			SetupLoadedEditorAssemblies (306ms)
				LogAssemblyErrors (0ms)
				InitializePlatformSupportModulesInManaged (4ms)
				SetLoadedEditorAssemblies (0ms)
				RefreshPlugins (1ms)
				BeforeProcessingInitializeOnLoad (83ms)
				ProcessInitializeOnLoadAttributes (207ms)
				ProcessInitializeOnLoadMethodAttributes (4ms)
				AfterProcessingInitializeOnLoad (7ms)
				EditorAssembliesLoaded (0ms)
			ExecutionOrderSort2 (0ms)
			AwakeInstancesAfterBackupRestoration (8ms)
Platform modules already initialized, skipping
Refreshing native plugins compatible for Editor in 0.47 ms, found 3 plugins.
Preloading 0 native plugins for Editor in 0.00 ms.
Unloading 2082 Unused Serialized files (Serialized files now loaded: 0)
System memory in use before: 95.7 MB.
System memory in use after: 95.8 MB.

Unloading 16 unused Assets to reduce memory usage. Loaded Objects now: 2559.
Total: 2.904400 ms (FindLiveObjects: 0.189300 ms CreateObjectMapping: 0.048900 ms MarkObjects: 2.649300 ms  DeleteObjects: 0.016200 ms)

AssetImportParameters requested are different than current active one (requested -> active):
  custom:framework-win-MediaFoundation: 216162199b28c13a410421893ffa2e32 -> 
  custom:video-decoder-ogg-theora: a1e56fd34408186e4bbccfd4996cb3dc -> 
  custom:container-muxer-webm: aa71ff27fc2769a1b78a27578f13a17b -> 
  custom:container-demuxer-webm: 4f35f7cbe854078d1ac9338744f61a02 -> 
  custom:container-demuxer-ogg: 62fdf1f143b41e24485cea50d1cbac27 -> 
  custom:video-encoder-webm-vp8: eb34c28f22e8b96e1ab97ce403110664 -> 
  custom:video-decoder-webm-vp8: 9c59270c3fd7afecdb556c50c9e8de78 -> 
  custom:audio-decoder-ogg-vorbis: bf7c407c2cedff20999df2af8eb42d56 -> 
  custom:audio-encoder-webm-vorbis: bf7c407c2cedff20999df2af8eb42d56 -> 
AssetImportWorkerClient::OnTransportError - code=2 error=End of file
